<?xml version="1.0" encoding="UTF-8"?>
<testng-results ignored="0" total="3" passed="3" failed="0" skipped="0">
  <reporter-output>
  </reporter-output>
  <suite started-at="2023-09-21T08:35:55 IST" name="Suite" finished-at="2023-09-21T08:36:17 IST" duration-ms="22303">
    <groups>
      <group name="cucumber">
        <method signature="AbstractTestNGCucumberTests.runScenario(io.cucumber.testng.PickleWrapper,io.cucumber.testng.FeatureWrapper)[pri:0, instance:testRunners.TestRunner@3857f613]" name="runScenario" class="io.cucumber.testng.AbstractTestNGCucumberTests"/>
      </group> <!-- cucumber -->
    </groups>
    <test started-at="2023-09-21T08:35:55 IST" name="Test" finished-at="2023-09-21T08:36:17 IST" duration-ms="22303">
      <class name="testRunners.TestRunner">
        <test-method is-config="true" signature="setUpClass(org.testng.ITestContext)[pri:0, instance:testRunners.TestRunner@3857f613]" started-at="2023-09-21T08:35:55 IST" name="setUpClass" finished-at="2023-09-21T08:35:55 IST" duration-ms="394" status="PASS">
          <params>
            <param index="0">
              <value>
                <![CDATA[org.testng.TestRunner@20d19f2c]]>
              </value>
            </param>
          </params>
          <reporter-output>
          </reporter-output>
        </test-method> <!-- setUpClass -->
        <test-method signature="runScenario(io.cucumber.testng.PickleWrapper,io.cucumber.testng.FeatureWrapper)[pri:0, instance:testRunners.TestRunner@3857f613]" started-at="2023-09-21T08:35:55 IST" name="runScenario" description="Runs Cucumber Scenarios" data-provider="scenarios" finished-at="2023-09-21T08:36:04 IST" duration-ms="8038" status="PASS">
          <params>
            <param index="0">
              <value>
                <![CDATA["Add Course"]]>
              </value>
            </param>
            <param index="1">
              <value>
                <![CDATA["Admin Module"]]>
              </value>
            </param>
          </params>
          <reporter-output>
          </reporter-output>
        </test-method> <!-- runScenario -->
        <test-method signature="runScenario(io.cucumber.testng.PickleWrapper,io.cucumber.testng.FeatureWrapper)[pri:0, instance:testRunners.TestRunner@3857f613]" started-at="2023-09-21T08:36:04 IST" name="runScenario" description="Runs Cucumber Scenarios" data-provider="scenarios" finished-at="2023-09-21T08:36:11 IST" duration-ms="7030" status="PASS">
          <params>
            <param index="0">
              <value>
                <![CDATA["Add Category"]]>
              </value>
            </param>
            <param index="1">
              <value>
                <![CDATA["Admin Module"]]>
              </value>
            </param>
          </params>
          <reporter-output>
          </reporter-output>
        </test-method> <!-- runScenario -->
        <test-method signature="runScenario(io.cucumber.testng.PickleWrapper,io.cucumber.testng.FeatureWrapper)[pri:0, instance:testRunners.TestRunner@3857f613]" started-at="2023-09-21T08:36:11 IST" name="runScenario" description="Runs Cucumber Scenarios" data-provider="scenarios" finished-at="2023-09-21T08:36:17 IST" duration-ms="6714" status="PASS">
          <params>
            <param index="0">
              <value>
                <![CDATA["Add User"]]>
              </value>
            </param>
            <param index="1">
              <value>
                <![CDATA["Admin Module"]]>
              </value>
            </param>
          </params>
          <reporter-output>
          </reporter-output>
        </test-method> <!-- runScenario -->
        <test-method is-config="true" signature="tearDownClass()[pri:0, instance:testRunners.TestRunner@3857f613]" started-at="2023-09-21T08:36:17 IST" name="tearDownClass" finished-at="2023-09-21T08:36:17 IST" duration-ms="70" status="PASS">
          <reporter-output>
          </reporter-output>
        </test-method> <!-- tearDownClass -->
      </class> <!-- testRunners.TestRunner -->
    </test> <!-- Test -->
  </suite> <!-- Suite -->
</testng-results>
